c:\users\owner\desktop\study\oop\final project\nusic_player\nusic_player\debug\vc143.pdb
c:\users\owner\desktop\study\oop\final project\nusic_player\nusic_player\debug\vc143.idb
c:\users\owner\desktop\study\oop\final project\nusic_player\nusic_player\debug\userinterface.obj
c:\users\owner\desktop\study\oop\final project\nusic_player\nusic_player\debug\song.obj
c:\users\owner\desktop\study\oop\final project\nusic_player\nusic_player\debug\search.obj
c:\users\owner\desktop\study\oop\final project\nusic_player\nusic_player\debug\playlistops.obj
c:\users\owner\desktop\study\oop\final project\nusic_player\nusic_player\debug\library.obj
c:\users\owner\desktop\study\oop\final project\nusic_player\nusic_player\debug\main.obj
c:\users\owner\desktop\study\oop\final project\nusic_player\nusic_player\debug\playlist.obj
c:\users\owner\desktop\study\oop\final project\nusic_player\nusic_player\debug\player.obj
c:\users\owner\desktop\study\oop\final project\nusic_player\nusic_player\debug\auxlib.obj
c:\users\owner\desktop\study\oop\final project\nusic_player\debug\nusic_player.exe
c:\users\owner\desktop\study\oop\final project\nusic_player\nusic_player\debug\nusic_player.ilk
c:\users\owner\desktop\study\oop\final project\nusic_player\debug\nusic_player.pdb
c:\users\owner\desktop\study\oop\final project\nusic_player\nusic_player\debug\nusic_player.tlog\cl.command.1.tlog
c:\users\owner\desktop\study\oop\final project\nusic_player\nusic_player\debug\nusic_player.tlog\cl.read.1.tlog
c:\users\owner\desktop\study\oop\final project\nusic_player\nusic_player\debug\nusic_player.tlog\cl.write.1.tlog
c:\users\owner\desktop\study\oop\final project\nusic_player\nusic_player\debug\nusic_player.tlog\link.command.1.tlog
c:\users\owner\desktop\study\oop\final project\nusic_player\nusic_player\debug\nusic_player.tlog\link.read.1.tlog
c:\users\owner\desktop\study\oop\final project\nusic_player\nusic_player\debug\nusic_player.tlog\link.write.1.tlog
